This is pdfTeX, Version 3.14159265-2.6-1.40.17 (TeX Live 2016) (preloaded format=pdflatex 2017.2.20)  23 AUG 2018 22:21
entering extended mode
 restricted \write18 enabled.
 %&-line parsing enabled.
**\nonstopmode\input present.tex
(./present.tex (/usr/local/texlive/2016/texmf-dist/tex/latex/beamer/beamer.cls
Document Class: beamer 2017/01/23 v3.41 A class for typesetting presentations
(/usr/local/texlive/2016/texmf-dist/tex/latex/etoolbox/etoolbox.sty
Package: etoolbox 2017/01/02 v2.4 e-TeX tools for LaTeX (JAW)
\etb@tempcnta=\count79
)
(/usr/local/texlive/2016/texmf-dist/tex/latex/beamer/beamerbasemodes.sty
\beamer@tempbox=\box26
\beamer@tempcount=\count80
\c@beamerpauses=\count81

(/usr/local/texlive/2016/texmf-dist/tex/latex/beamer/beamerbasedecode.sty
\beamer@slideinframe=\count82
\beamer@minimum=\count83
)
\beamer@commentbox=\box27
\beamer@modecount=\count84
)
(/usr/local/texlive/2016/texmf-dist/tex/generic/oberdiek/ifpdf.sty
Package: ifpdf 2016/05/14 v3.1 Provides the ifpdf switch
)
\headheight=\dimen102
\headdp=\dimen103
\footheight=\dimen104
\sidebarheight=\dimen105
\beamer@tempdim=\dimen106
\beamer@finalheight=\dimen107
\beamer@animht=\dimen108
\beamer@animdp=\dimen109
\beamer@animwd=\dimen110
\beamer@leftmargin=\dimen111
\beamer@rightmargin=\dimen112
\beamer@leftsidebar=\dimen113
\beamer@rightsidebar=\dimen114
\beamer@boxsize=\dimen115
\beamer@vboxoffset=\dimen116
\beamer@descdefault=\dimen117
\beamer@descriptionwidth=\dimen118
\beamer@lastskip=\skip41
\beamer@areabox=\box28
\beamer@animcurrent=\box29
\beamer@animshowbox=\box30
\beamer@sectionbox=\box31
\beamer@logobox=\box32
\beamer@linebox=\box33
\beamer@sectioncount=\count85
\beamer@subsubsectionmax=\count86
\beamer@subsectionmax=\count87
\beamer@sectionmax=\count88
\beamer@totalheads=\count89
\beamer@headcounter=\count90
\beamer@partstartpage=\count91
\beamer@sectionstartpage=\count92
\beamer@subsectionstartpage=\count93
\beamer@animationtempa=\count94
\beamer@animationtempb=\count95
\beamer@xpos=\count96
\beamer@ypos=\count97
\beamer@showpartnumber=\count98
\beamer@currentsubsection=\count99
\beamer@coveringdepth=\count100
\beamer@sectionadjust=\count101
\beamer@tocsectionnumber=\count102

(/usr/local/texlive/2016/texmf-dist/tex/latex/beamer/beamerbaseoptions.sty
(/usr/local/texlive/2016/texmf-dist/tex/latex/graphics/keyval.sty
Package: keyval 2014/10/28 v1.15 key=value parser (DPC)
\KV@toks@=\toks14
))
\beamer@paperwidth=\skip42
\beamer@paperheight=\skip43

(/usr/local/texlive/2016/texmf-dist/tex/latex/geometry/geometry.sty
Package: geometry 2010/09/12 v5.6 Page Geometry

(/usr/local/texlive/2016/texmf-dist/tex/generic/oberdiek/ifvtex.sty
Package: ifvtex 2016/05/16 v1.6 Detect VTeX and its facilities (HO)
Package ifvtex Info: VTeX not detected.
)
(/usr/local/texlive/2016/texmf-dist/tex/generic/ifxetex/ifxetex.sty
Package: ifxetex 2010/09/12 v0.6 Provides ifxetex conditional
)
\Gm@cnth=\count103
\Gm@cntv=\count104
\c@Gm@tempcnt=\count105
\Gm@bindingoffset=\dimen119
\Gm@wd@mp=\dimen120
\Gm@odd@mp=\dimen121
\Gm@even@mp=\dimen122
\Gm@layoutwidth=\dimen123
\Gm@layoutheight=\dimen124
\Gm@layouthoffset=\dimen125
\Gm@layoutvoffset=\dimen126
\Gm@dimlist=\toks15
)
(/usr/local/texlive/2016/texmf-dist/tex/latex/base/size11.clo
File: size11.clo 2014/09/29 v1.4h Standard LaTeX file (size option)
)
(/usr/local/texlive/2016/texmf-dist/tex/latex/pgf/basiclayer/pgfcore.sty
(/usr/local/texlive/2016/texmf-dist/tex/latex/graphics/graphicx.sty
Package: graphicx 2014/10/28 v1.0g Enhanced LaTeX Graphics (DPC,SPQR)

(/usr/local/texlive/2016/texmf-dist/tex/latex/graphics/graphics.sty
Package: graphics 2016/10/09 v1.0u Standard LaTeX Graphics (DPC,SPQR)

(/usr/local/texlive/2016/texmf-dist/tex/latex/graphics/trig.sty
Package: trig 2016/01/03 v1.10 sin cos tan (DPC)
)
(/usr/local/texlive/2016/texmf-dist/tex/latex/graphics-cfg/graphics.cfg
File: graphics.cfg 2016/06/04 v1.11 sample graphics configuration
)
Package graphics Info: Driver file: pdftex.def on input line 99.

(/usr/local/texlive/2016/texmf-dist/tex/latex/graphics-def/pdftex.def
File: pdftex.def 2017/01/12 v0.06k Graphics/color for pdfTeX

(/usr/local/texlive/2016/texmf-dist/tex/generic/oberdiek/infwarerr.sty
Package: infwarerr 2016/05/16 v1.4 Providing info/warning/error messages (HO)
)
(/usr/local/texlive/2016/texmf-dist/tex/generic/oberdiek/ltxcmds.sty
Package: ltxcmds 2016/05/16 v1.23 LaTeX kernel commands for general use (HO)
)
\Gread@gobject=\count106
))
\Gin@req@height=\dimen127
\Gin@req@width=\dimen128
)
(/usr/local/texlive/2016/texmf-dist/tex/latex/pgf/systemlayer/pgfsys.sty
(/usr/local/texlive/2016/texmf-dist/tex/latex/pgf/utilities/pgfrcs.sty
(/usr/local/texlive/2016/texmf-dist/tex/generic/pgf/utilities/pgfutil-common.te
x
\pgfutil@everybye=\toks16
\pgfutil@tempdima=\dimen129
\pgfutil@tempdimb=\dimen130

(/usr/local/texlive/2016/texmf-dist/tex/generic/pgf/utilities/pgfutil-common-li
sts.tex))
(/usr/local/texlive/2016/texmf-dist/tex/generic/pgf/utilities/pgfutil-latex.def
\pgfutil@abb=\box34
(/usr/local/texlive/2016/texmf-dist/tex/latex/ms/everyshi.sty
Package: everyshi 2001/05/15 v3.00 EveryShipout Package (MS)
))
(/usr/local/texlive/2016/texmf-dist/tex/generic/pgf/utilities/pgfrcs.code.tex
Package: pgfrcs 2015/08/07 v3.0.1a (rcs-revision 1.31)
))
(/usr/local/texlive/2016/texmf-dist/tex/generic/pgf/systemlayer/pgfsys.code.tex
Package: pgfsys 2014/07/09 v3.0.1a (rcs-revision 1.48)
(/usr/local/texlive/2016/texmf-dist/tex/generic/pgf/utilities/pgfkeys.code.tex
\pgfkeys@pathtoks=\toks17
\pgfkeys@temptoks=\toks18

(/usr/local/texlive/2016/texmf-dist/tex/generic/pgf/utilities/pgfkeysfiltered.c
ode.tex
\pgfkeys@tmptoks=\toks19
))
\pgf@x=\dimen131
\pgf@y=\dimen132
\pgf@xa=\dimen133
\pgf@ya=\dimen134
\pgf@xb=\dimen135
\pgf@yb=\dimen136
\pgf@xc=\dimen137
\pgf@yc=\dimen138
\w@pgf@writea=\write3
\r@pgf@reada=\read1
\c@pgf@counta=\count107
\c@pgf@countb=\count108
\c@pgf@countc=\count109
\c@pgf@countd=\count110
\t@pgf@toka=\toks20
\t@pgf@tokb=\toks21
\t@pgf@tokc=\toks22

(/usr/local/texlive/2016/texmf-dist/tex/generic/pgf/systemlayer/pgf.cfg
File: pgf.cfg 2008/05/14  (rcs-revision 1.7)
)
Driver file for pgf: pgfsys-pdftex.def

(/usr/local/texlive/2016/texmf-dist/tex/generic/pgf/systemlayer/pgfsys-pdftex.d
ef
File: pgfsys-pdftex.def 2014/10/11  (rcs-revision 1.35)

(/usr/local/texlive/2016/texmf-dist/tex/generic/pgf/systemlayer/pgfsys-common-p
df.def
File: pgfsys-common-pdf.def 2013/10/10  (rcs-revision 1.13)
)))
(/usr/local/texlive/2016/texmf-dist/tex/generic/pgf/systemlayer/pgfsyssoftpath.
code.tex
File: pgfsyssoftpath.code.tex 2013/09/09  (rcs-revision 1.9)
\pgfsyssoftpath@smallbuffer@items=\count111
\pgfsyssoftpath@bigbuffer@items=\count112
)
(/usr/local/texlive/2016/texmf-dist/tex/generic/pgf/systemlayer/pgfsysprotocol.
code.tex
File: pgfsysprotocol.code.tex 2006/10/16  (rcs-revision 1.4)
)) (/usr/local/texlive/2016/texmf-dist/tex/latex/xcolor/xcolor.sty
Package: xcolor 2016/05/11 v2.12 LaTeX color extensions (UK)

(/usr/local/texlive/2016/texmf-dist/tex/latex/graphics-cfg/color.cfg
File: color.cfg 2016/01/02 v1.6 sample color configuration
)
Package xcolor Info: Driver file: pdftex.def on input line 225.
Package xcolor Info: Model `cmy' substituted by `cmy0' on input line 1348.
Package xcolor Info: Model `hsb' substituted by `rgb' on input line 1352.
Package xcolor Info: Model `RGB' extended on input line 1364.
Package xcolor Info: Model `HTML' substituted by `rgb' on input line 1366.
Package xcolor Info: Model `Hsb' substituted by `hsb' on input line 1367.
Package xcolor Info: Model `tHsb' substituted by `hsb' on input line 1368.
Package xcolor Info: Model `HSB' substituted by `hsb' on input line 1369.
Package xcolor Info: Model `Gray' substituted by `gray' on input line 1370.
Package xcolor Info: Model `wave' substituted by `hsb' on input line 1371.
)
(/usr/local/texlive/2016/texmf-dist/tex/generic/pgf/basiclayer/pgfcore.code.tex
Package: pgfcore 2010/04/11 v3.0.1a (rcs-revision 1.7)
(/usr/local/texlive/2016/texmf-dist/tex/generic/pgf/math/pgfmath.code.tex
(/usr/local/texlive/2016/texmf-dist/tex/generic/pgf/math/pgfmathcalc.code.tex
(/usr/local/texlive/2016/texmf-dist/tex/generic/pgf/math/pgfmathutil.code.tex)
(/usr/local/texlive/2016/texmf-dist/tex/generic/pgf/math/pgfmathparser.code.tex
\pgfmath@dimen=\dimen139
\pgfmath@count=\count113
\pgfmath@box=\box35
\pgfmath@toks=\toks23
\pgfmath@stack@operand=\toks24
\pgfmath@stack@operation=\toks25
)
(/usr/local/texlive/2016/texmf-dist/tex/generic/pgf/math/pgfmathfunctions.code.
tex
(/usr/local/texlive/2016/texmf-dist/tex/generic/pgf/math/pgfmathfunctions.basic
.code.tex)
(/usr/local/texlive/2016/texmf-dist/tex/generic/pgf/math/pgfmathfunctions.trigo
nometric.code.tex)
(/usr/local/texlive/2016/texmf-dist/tex/generic/pgf/math/pgfmathfunctions.rando
m.code.tex)
(/usr/local/texlive/2016/texmf-dist/tex/generic/pgf/math/pgfmathfunctions.compa
rison.code.tex)
(/usr/local/texlive/2016/texmf-dist/tex/generic/pgf/math/pgfmathfunctions.base.
code.tex)
(/usr/local/texlive/2016/texmf-dist/tex/generic/pgf/math/pgfmathfunctions.round
.code.tex)
(/usr/local/texlive/2016/texmf-dist/tex/generic/pgf/math/pgfmathfunctions.misc.
code.tex)
(/usr/local/texlive/2016/texmf-dist/tex/generic/pgf/math/pgfmathfunctions.integ
erarithmetics.code.tex)))
(/usr/local/texlive/2016/texmf-dist/tex/generic/pgf/math/pgfmathfloat.code.tex
\c@pgfmathroundto@lastzeros=\count114
))
(/usr/local/texlive/2016/texmf-dist/tex/generic/pgf/basiclayer/pgfcorepoints.co
de.tex
File: pgfcorepoints.code.tex 2013/10/07  (rcs-revision 1.27)
\pgf@picminx=\dimen140
\pgf@picmaxx=\dimen141
\pgf@picminy=\dimen142
\pgf@picmaxy=\dimen143
\pgf@pathminx=\dimen144
\pgf@pathmaxx=\dimen145
\pgf@pathminy=\dimen146
\pgf@pathmaxy=\dimen147
\pgf@xx=\dimen148
\pgf@xy=\dimen149
\pgf@yx=\dimen150
\pgf@yy=\dimen151
\pgf@zx=\dimen152
\pgf@zy=\dimen153
)
(/usr/local/texlive/2016/texmf-dist/tex/generic/pgf/basiclayer/pgfcorepathconst
ruct.code.tex
File: pgfcorepathconstruct.code.tex 2013/10/07  (rcs-revision 1.29)
\pgf@path@lastx=\dimen154
\pgf@path@lasty=\dimen155
)
(/usr/local/texlive/2016/texmf-dist/tex/generic/pgf/basiclayer/pgfcorepathusage
.code.tex
File: pgfcorepathusage.code.tex 2014/11/02  (rcs-revision 1.24)
\pgf@shorten@end@additional=\dimen156
\pgf@shorten@start@additional=\dimen157
)
(/usr/local/texlive/2016/texmf-dist/tex/generic/pgf/basiclayer/pgfcorescopes.co
de.tex
File: pgfcorescopes.code.tex 2015/05/08  (rcs-revision 1.46)
\pgfpic=\box36
\pgf@hbox=\box37
\pgf@layerbox@main=\box38
\pgf@picture@serial@count=\count115
)
(/usr/local/texlive/2016/texmf-dist/tex/generic/pgf/basiclayer/pgfcoregraphicst
ate.code.tex
File: pgfcoregraphicstate.code.tex 2014/11/02  (rcs-revision 1.12)
\pgflinewidth=\dimen158
)
(/usr/local/texlive/2016/texmf-dist/tex/generic/pgf/basiclayer/pgfcoretransform
ations.code.tex
File: pgfcoretransformations.code.tex 2015/08/07  (rcs-revision 1.20)
\pgf@pt@x=\dimen159
\pgf@pt@y=\dimen160
\pgf@pt@temp=\dimen161
)
(/usr/local/texlive/2016/texmf-dist/tex/generic/pgf/basiclayer/pgfcorequick.cod
e.tex
File: pgfcorequick.code.tex 2008/10/09  (rcs-revision 1.3)
)
(/usr/local/texlive/2016/texmf-dist/tex/generic/pgf/basiclayer/pgfcoreobjects.c
ode.tex
File: pgfcoreobjects.code.tex 2006/10/11  (rcs-revision 1.2)
)
(/usr/local/texlive/2016/texmf-dist/tex/generic/pgf/basiclayer/pgfcorepathproce
ssing.code.tex
File: pgfcorepathprocessing.code.tex 2013/09/09  (rcs-revision 1.9)
)
(/usr/local/texlive/2016/texmf-dist/tex/generic/pgf/basiclayer/pgfcorearrows.co
de.tex
File: pgfcorearrows.code.tex 2015/05/14  (rcs-revision 1.43)
\pgfarrowsep=\dimen162
)
(/usr/local/texlive/2016/texmf-dist/tex/generic/pgf/basiclayer/pgfcoreshade.cod
e.tex
File: pgfcoreshade.code.tex 2013/07/15  (rcs-revision 1.15)
\pgf@max=\dimen163
\pgf@sys@shading@range@num=\count116
)
(/usr/local/texlive/2016/texmf-dist/tex/generic/pgf/basiclayer/pgfcoreimage.cod
e.tex
File: pgfcoreimage.code.tex 2013/07/15  (rcs-revision 1.18)

(/usr/local/texlive/2016/texmf-dist/tex/generic/pgf/basiclayer/pgfcoreexternal.
code.tex
File: pgfcoreexternal.code.tex 2014/07/09  (rcs-revision 1.21)
\pgfexternal@startupbox=\box39
))
(/usr/local/texlive/2016/texmf-dist/tex/generic/pgf/basiclayer/pgfcorelayers.co
de.tex
File: pgfcorelayers.code.tex 2013/07/18  (rcs-revision 1.7)
)
(/usr/local/texlive/2016/texmf-dist/tex/generic/pgf/basiclayer/pgfcoretranspare
ncy.code.tex
File: pgfcoretransparency.code.tex 2013/09/30  (rcs-revision 1.5)
)
(/usr/local/texlive/2016/texmf-dist/tex/generic/pgf/basiclayer/pgfcorepatterns.
code.tex
File: pgfcorepatterns.code.tex 2013/11/07  (rcs-revision 1.5)
)))
(/usr/local/texlive/2016/texmf-dist/tex/latex/pgf/utilities/xxcolor.sty
Package: xxcolor 2003/10/24 ver 0.1
\XC@nummixins=\count117
\XC@countmixins=\count118
)
(/usr/local/texlive/2016/texmf-dist/tex/generic/oberdiek/atbegshi.sty
Package: atbegshi 2016/06/09 v1.18 At begin shipout hook (HO)
)
(/usr/local/texlive/2016/texmf-dist/tex/latex/hyperref/hyperref.sty
Package: hyperref 2016/06/24 v6.83q Hypertext links for LaTeX

(/usr/local/texlive/2016/texmf-dist/tex/generic/oberdiek/hobsub-hyperref.sty
Package: hobsub-hyperref 2016/05/16 v1.14 Bundle oberdiek, subset hyperref (HO)


(/usr/local/texlive/2016/texmf-dist/tex/generic/oberdiek/hobsub-generic.sty
Package: hobsub-generic 2016/05/16 v1.14 Bundle oberdiek, subset generic (HO)
Package: hobsub 2016/05/16 v1.14 Construct package bundles (HO)
Package hobsub Info: Skipping package `infwarerr' (already loaded).
Package hobsub Info: Skipping package `ltxcmds' (already loaded).
Package: ifluatex 2016/05/16 v1.4 Provides the ifluatex switch (HO)
Package ifluatex Info: LuaTeX not detected.
Package hobsub Info: Skipping package `ifvtex' (already loaded).
Package: intcalc 2016/05/16 v1.2 Expandable calculations with integers (HO)
Package hobsub Info: Skipping package `ifpdf' (already loaded).
Package: etexcmds 2016/05/16 v1.6 Avoid name clashes with e-TeX commands (HO)
Package etexcmds Info: Could not find \expanded.
(etexcmds)             That can mean that you are not using pdfTeX 1.50 or
(etexcmds)             that some package has redefined \expanded.
(etexcmds)             In the latter case, load this package earlier.
Package: kvsetkeys 2016/05/16 v1.17 Key value parser (HO)
Package: kvdefinekeys 2016/05/16 v1.4 Define keys (HO)
Package: pdftexcmds 2016/05/21 v0.22 Utility functions of pdfTeX for LuaTeX (HO
)
Package pdftexcmds Info: LuaTeX not detected.
Package pdftexcmds Info: \pdf@primitive is available.
Package pdftexcmds Info: \pdf@ifprimitive is available.
Package pdftexcmds Info: \pdfdraftmode found.
Package: pdfescape 2016/05/16 v1.14 Implements pdfTeX's escape features (HO)
Package: bigintcalc 2016/05/16 v1.4 Expandable calculations on big integers (HO
)
Package: bitset 2016/05/16 v1.2 Handle bit-vector datatype (HO)
Package: uniquecounter 2016/05/16 v1.3 Provide unlimited unique counter (HO)
)
Package hobsub Info: Skipping package `hobsub' (already loaded).
Package: letltxmacro 2016/05/16 v1.5 Let assignment for LaTeX macros (HO)
Package: hopatch 2016/05/16 v1.3 Wrapper for package hooks (HO)
Package: xcolor-patch 2016/05/16 xcolor patch
Package: atveryend 2016/05/16 v1.9 Hooks at the very end of document (HO)
Package hobsub Info: Skipping package `atbegshi' (already loaded).
Package: refcount 2016/05/16 v3.5 Data extraction from label references (HO)
Package: hycolor 2016/05/16 v1.8 Color options for hyperref/bookmark (HO)
)
(/usr/local/texlive/2016/texmf-dist/tex/latex/oberdiek/auxhook.sty
Package: auxhook 2016/05/16 v1.4 Hooks for auxiliary files (HO)
)
(/usr/local/texlive/2016/texmf-dist/tex/latex/oberdiek/kvoptions.sty
Package: kvoptions 2016/05/16 v3.12 Key value format for package options (HO)
)
\@linkdim=\dimen164
\Hy@linkcounter=\count119
\Hy@pagecounter=\count120

(/usr/local/texlive/2016/texmf-dist/tex/latex/hyperref/pd1enc.def
File: pd1enc.def 2016/06/24 v6.83q Hyperref: PDFDocEncoding definition (HO)
)
\Hy@SavedSpaceFactor=\count121

(/usr/local/texlive/2016/texmf-dist/tex/latex/latexconfig/hyperref.cfg
File: hyperref.cfg 2002/06/06 v1.2 hyperref configuration of TeXLive
)
Package hyperref Info: Option `bookmarks' set `true' on input line 4362.
Package hyperref Info: Option `bookmarksopen' set `true' on input line 4362.
Package hyperref Info: Option `implicit' set `false' on input line 4362.
Package hyperref Info: Hyper figures OFF on input line 4486.
Package hyperref Info: Link nesting OFF on input line 4491.
Package hyperref Info: Hyper index ON on input line 4494.
Package hyperref Info: Plain pages OFF on input line 4501.
Package hyperref Info: Backreferencing OFF on input line 4506.
Package hyperref Info: Implicit mode OFF; no redefinition of LaTeX internals.
Package hyperref Info: Bookmarks ON on input line 4735.
\c@Hy@tempcnt=\count122

(/usr/local/texlive/2016/texmf-dist/tex/latex/url/url.sty
\Urlmuskip=\muskip10
Package: url 2013/09/16  ver 3.4  Verb mode for urls, etc.
)
LaTeX Info: Redefining \url on input line 5088.
\XeTeXLinkMargin=\dimen165
\Fld@menulength=\count123
\Field@Width=\dimen166
\Fld@charsize=\dimen167
Package hyperref Info: Hyper figures OFF on input line 6342.
Package hyperref Info: Link nesting OFF on input line 6347.
Package hyperref Info: Hyper index ON on input line 6350.
Package hyperref Info: backreferencing OFF on input line 6357.
Package hyperref Info: Link coloring OFF on input line 6362.
Package hyperref Info: Link coloring with OCG OFF on input line 6367.
Package hyperref Info: PDF/A mode OFF on input line 6372.
LaTeX Info: Redefining \ref on input line 6412.
LaTeX Info: Redefining \pageref on input line 6416.
\Hy@abspage=\count124


Package hyperref Message: Stopped early.

)

Package hyperref Message: Driver (autodetected): hpdftex.

(/usr/local/texlive/2016/texmf-dist/tex/latex/hyperref/hpdftex.def
File: hpdftex.def 2016/06/24 v6.83q Hyperref driver for pdfTeX
\Fld@listcount=\count125
\c@bookmark@seq@number=\count126

(/usr/local/texlive/2016/texmf-dist/tex/latex/oberdiek/rerunfilecheck.sty
Package: rerunfilecheck 2016/05/16 v1.8 Rerun checks for auxiliary files (HO)
Package uniquecounter Info: New unique counter `rerunfilecheck' on input line 2
82.
))
(/usr/local/texlive/2016/texmf-dist/tex/latex/beamer/beamerbaserequires.sty
(/usr/local/texlive/2016/texmf-dist/tex/latex/beamer/beamerbasecompatibility.st
y) (/usr/local/texlive/2016/texmf-dist/tex/latex/beamer/beamerbasefont.sty
(/usr/local/texlive/2016/texmf-dist/tex/latex/amsfonts/amssymb.sty
Package: amssymb 2013/01/14 v3.01 AMS font symbols

(/usr/local/texlive/2016/texmf-dist/tex/latex/amsfonts/amsfonts.sty
Package: amsfonts 2013/01/14 v3.01 Basic AMSFonts support
\@emptytoks=\toks26
\symAMSa=\mathgroup4
\symAMSb=\mathgroup5
LaTeX Font Info:    Overwriting math alphabet `\mathfrak' in version `bold'
(Font)                  U/euf/m/n --> U/euf/b/n on input line 106.
))
(/usr/local/texlive/2016/texmf-dist/tex/latex/sansmathaccent/sansmathaccent.sty
Package: sansmathaccent 2013/03/28
(/usr/local/texlive/2016/texmf-dist/tex/latex/filehook/filehook.sty
Package: filehook 2011/10/12 v0.5d Hooks for input files
)))
(/usr/local/texlive/2016/texmf-dist/tex/latex/beamer/beamerbasetranslator.sty
(/usr/local/texlive/2016/texmf-dist/tex/latex/beamer/translator/translator.sty
Package: translator 2010/06/12 ver 1.10

(/usr/local/texlive/2016/texmf-dist/tex/latex/beamer/translator/translator-lang
uage-mappings.tex)))
(/usr/local/texlive/2016/texmf-dist/tex/latex/beamer/beamerbasemisc.sty)
(/usr/local/texlive/2016/texmf-dist/tex/latex/beamer/beamerbasetwoscreens.sty)
(/usr/local/texlive/2016/texmf-dist/tex/latex/beamer/beamerbaseoverlay.sty
\beamer@argscount=\count127
\beamer@lastskipcover=\skip44
\beamer@trivlistdepth=\count128
)
(/usr/local/texlive/2016/texmf-dist/tex/latex/beamer/beamerbasetitle.sty)
(/usr/local/texlive/2016/texmf-dist/tex/latex/beamer/beamerbasesection.sty
\c@lecture=\count129
\c@part=\count130
\c@section=\count131
\c@subsection=\count132
\c@subsubsection=\count133
)
(/usr/local/texlive/2016/texmf-dist/tex/latex/beamer/beamerbaseframe.sty
\beamer@framebox=\box40
\beamer@frametitlebox=\box41
\beamer@zoombox=\box42
\beamer@zoomcount=\count134
\beamer@zoomframecount=\count135
\beamer@frametextheight=\dimen168
\c@subsectionslide=\count136
\beamer@frametopskip=\skip45
\beamer@framebottomskip=\skip46
\beamer@frametopskipautobreak=\skip47
\beamer@framebottomskipautobreak=\skip48
\beamer@envbody=\toks27
\framewidth=\dimen169
\c@framenumber=\count137
)
(/usr/local/texlive/2016/texmf-dist/tex/latex/beamer/beamerbaseverbatim.sty
\beamer@verbatimfileout=\write4
)
(/usr/local/texlive/2016/texmf-dist/tex/latex/beamer/beamerbaseframesize.sty
\beamer@splitbox=\box43
\beamer@autobreakcount=\count138
\beamer@autobreaklastheight=\dimen170
\beamer@frametitletoks=\toks28
\beamer@framesubtitletoks=\toks29
)
(/usr/local/texlive/2016/texmf-dist/tex/latex/beamer/beamerbaseframecomponents.
sty
\beamer@footins=\box44
) (/usr/local/texlive/2016/texmf-dist/tex/latex/beamer/beamerbasecolor.sty)
(/usr/local/texlive/2016/texmf-dist/tex/latex/beamer/beamerbasenotes.sty
\beamer@frameboxcopy=\box45
)
(/usr/local/texlive/2016/texmf-dist/tex/latex/beamer/beamerbasetoc.sty)
(/usr/local/texlive/2016/texmf-dist/tex/latex/beamer/beamerbasetemplates.sty
\beamer@sbttoks=\toks30

(/usr/local/texlive/2016/texmf-dist/tex/latex/beamer/beamerbaseauxtemplates.sty
(/usr/local/texlive/2016/texmf-dist/tex/latex/beamer/beamerbaseboxes.sty
\bmb@box=\box46
\bmb@colorbox=\box47
\bmb@boxshadow=\box48
\bmb@boxshadowball=\box49
\bmb@boxshadowballlarge=\box50
\bmb@temp=\dimen171
\bmb@dima=\dimen172
\bmb@dimb=\dimen173
\bmb@prevheight=\dimen174
)
\beamer@blockheadheight=\dimen175
))
(/usr/local/texlive/2016/texmf-dist/tex/latex/beamer/beamerbaselocalstructure.s
ty (/usr/local/texlive/2016/texmf-dist/tex/latex/tools/enumerate.sty
Package: enumerate 2015/07/23 v3.00 enumerate extensions (DPC)
\@enLab=\toks31
)
\c@figure=\count139
\c@table=\count140
\abovecaptionskip=\skip49
\belowcaptionskip=\skip50
)
(/usr/local/texlive/2016/texmf-dist/tex/latex/beamer/beamerbasenavigation.sty
\beamer@section@min@dim=\dimen176
)
(/usr/local/texlive/2016/texmf-dist/tex/latex/beamer/beamerbasetheorems.sty
(/usr/local/texlive/2016/texmf-dist/tex/latex/amsmath/amsmath.sty
Package: amsmath 2016/11/05 v2.16a AMS math features
\@mathmargin=\skip51

For additional information on amsmath, use the `?' option.
(/usr/local/texlive/2016/texmf-dist/tex/latex/amsmath/amstext.sty
Package: amstext 2000/06/29 v2.01 AMS text

(/usr/local/texlive/2016/texmf-dist/tex/latex/amsmath/amsgen.sty
File: amsgen.sty 1999/11/30 v2.0 generic functions
\@emptytoks=\toks32
\ex@=\dimen177
))
(/usr/local/texlive/2016/texmf-dist/tex/latex/amsmath/amsbsy.sty
Package: amsbsy 1999/11/29 v1.2d Bold Symbols
\pmbraise@=\dimen178
)
(/usr/local/texlive/2016/texmf-dist/tex/latex/amsmath/amsopn.sty
Package: amsopn 2016/03/08 v2.02 operator names
)
\inf@bad=\count141
LaTeX Info: Redefining \frac on input line 213.
\uproot@=\count142
\leftroot@=\count143
LaTeX Info: Redefining \overline on input line 375.
\classnum@=\count144
\DOTSCASE@=\count145
LaTeX Info: Redefining \ldots on input line 472.
LaTeX Info: Redefining \dots on input line 475.
LaTeX Info: Redefining \cdots on input line 596.
\Mathstrutbox@=\box51
\strutbox@=\box52
\big@size=\dimen179
LaTeX Font Info:    Redeclaring font encoding OML on input line 712.
LaTeX Font Info:    Redeclaring font encoding OMS on input line 713.
\macc@depth=\count146
\c@MaxMatrixCols=\count147
\dotsspace@=\muskip11
\c@parentequation=\count148
\dspbrk@lvl=\count149
\tag@help=\toks33
\row@=\count150
\column@=\count151
\maxfields@=\count152
\andhelp@=\toks34
\eqnshift@=\dimen180
\alignsep@=\dimen181
\tagshift@=\dimen182
\tagwidth@=\dimen183
\totwidth@=\dimen184
\lineht@=\dimen185
\@envbody=\toks35
\multlinegap=\skip52
\multlinetaggap=\skip53
\mathdisplay@stack=\toks36
LaTeX Info: Redefining \[ on input line 2817.
LaTeX Info: Redefining \] on input line 2818.
)
(/usr/local/texlive/2016/texmf-dist/tex/latex/amscls/amsthm.sty
Package: amsthm 2015/03/04 v2.20.2
\thm@style=\toks37
\thm@bodyfont=\toks38
\thm@headfont=\toks39
\thm@notefont=\toks40
\thm@headpunct=\toks41
\thm@preskip=\skip54
\thm@postskip=\skip55
\thm@headsep=\skip56
\dth@everypar=\toks42
)
\c@theorem=\count153
)
(/usr/local/texlive/2016/texmf-dist/tex/latex/beamer/beamerbasethemes.sty))
(/usr/local/texlive/2016/texmf-dist/tex/latex/beamer/themes/theme/beamerthemede
fault.sty
(/usr/local/texlive/2016/texmf-dist/tex/latex/beamer/themes/font/beamerfontthem
edefault.sty)
(/usr/local/texlive/2016/texmf-dist/tex/latex/beamer/themes/color/beamercolorth
emedefault.sty)
(/usr/local/texlive/2016/texmf-dist/tex/latex/beamer/themes/inner/beamerinnerth
emedefault.sty
\beamer@dima=\dimen186
\beamer@dimb=\dimen187
)
(/usr/local/texlive/2016/texmf-dist/tex/latex/beamer/themes/outer/beamerouterth
emedefault.sty)))
(/usr/local/texlive/2016/texmf-dist/tex/latex/biblatex/biblatex.sty
Package: biblatex 2016/12/05 v3.7 programmable bibliographies (PK/JW/AB)

(/usr/local/texlive/2016/texmf-dist/tex/latex/logreq/logreq.sty
Package: logreq 2010/08/04 v1.0 xml request logger
\lrq@indent=\count154

(/usr/local/texlive/2016/texmf-dist/tex/latex/logreq/logreq.def
File: logreq.def 2010/08/04 v1.0 logreq spec v1.0
))
(/usr/local/texlive/2016/texmf-dist/tex/latex/base/ifthen.sty
Package: ifthen 2014/09/29 v1.1c Standard LaTeX ifthen package (DPC)
)
(/usr/local/texlive/2016/texmf-dist/tex/generic/xstring/xstring.sty
(/usr/local/texlive/2016/texmf-dist/tex/generic/xstring/xstring.tex
\@xs@message=\write5
\integerpart=\count155
\decimalpart=\count156
)
Package: xstring 2013/10/13  v1.7c  String manipulations (C Tellechea)
)
\c@tabx@nest=\count157
\c@listtotal=\count158
\c@listcount=\count159
\c@liststart=\count160
\c@liststop=\count161
\c@citecount=\count162
\c@citetotal=\count163
\c@multicitecount=\count164
\c@multicitetotal=\count165
\c@instcount=\count166
\c@maxnames=\count167
\c@minnames=\count168
\c@maxitems=\count169
\c@minitems=\count170
\c@citecounter=\count171
\c@savedcitecounter=\count172
\c@uniquelist=\count173
\c@uniquename=\count174
\c@refsection=\count175
\c@refsegment=\count176
\c@maxextratitle=\count177
\c@maxextratitleyear=\count178
\c@maxextrayear=\count179
\c@maxextraalpha=\count180
\c@abbrvpenalty=\count181
\c@highnamepenalty=\count182
\c@lownamepenalty=\count183
\c@maxparens=\count184
\c@parenlevel=\count185
\blx@tempcnta=\count186
\blx@tempcntb=\count187
\blx@tempcntc=\count188
\blx@maxsection=\count189
\blx@maxsegment@0=\count190
\blx@notetype=\count191
\blx@parenlevel@text=\count192
\blx@parenlevel@foot=\count193
\blx@sectionciteorder@0=\count194
\labelnumberwidth=\skip57
\labelalphawidth=\skip58
\biblabelsep=\skip59
\bibitemsep=\skip60
\bibnamesep=\skip61
\bibinitsep=\skip62
\bibparsep=\skip63
\bibhang=\skip64
\blx@bcfin=\read2
\blx@bcfout=\write6
\c@mincomprange=\count195
\c@maxcomprange=\count196
\c@mincompwidth=\count197
Package biblatex Info: Trying to load biblatex default data model...
Package biblatex Info: ... file 'blx-dm.def' found.

(/usr/local/texlive/2016/texmf-dist/tex/latex/biblatex/blx-dm.def)
Package biblatex Info: Trying to load biblatex style data model...
Package biblatex Info: ... file 'verbose.dbx' not found.
Package biblatex Info: Trying to load biblatex custom data model...
Package biblatex Info: ... file 'biblatex-dm.cfg' not found.
\c@afterword=\count198
\c@savedafterword=\count199
\c@annotator=\count266
\c@savedannotator=\count267
\c@author=\count268
\c@savedauthor=\count269
\c@bookauthor=\count270
\c@savedbookauthor=\count271
\c@commentator=\count272
\c@savedcommentator=\count273
\c@editor=\count274
\c@savededitor=\count275
\c@editora=\count276
\c@savededitora=\count277
\c@editorb=\count278
\c@savededitorb=\count279
\c@editorc=\count280
\c@savededitorc=\count281
\c@foreword=\count282
\c@savedforeword=\count283
\c@holder=\count284
\c@savedholder=\count285
\c@introduction=\count286
\c@savedintroduction=\count287
\c@namea=\count288
\c@savednamea=\count289
\c@nameb=\count290
\c@savednameb=\count291
\c@namec=\count292
\c@savednamec=\count293
\c@translator=\count294
\c@savedtranslator=\count295
\c@shortauthor=\count296
\c@savedshortauthor=\count297
\c@shorteditor=\count298
\c@savedshorteditor=\count299
\c@labelname=\count300
\c@savedlabelname=\count301
\c@institution=\count302
\c@savedinstitution=\count303
\c@lista=\count304
\c@savedlista=\count305
\c@listb=\count306
\c@savedlistb=\count307
\c@listc=\count308
\c@savedlistc=\count309
\c@listd=\count310
\c@savedlistd=\count311
\c@liste=\count312
\c@savedliste=\count313
\c@listf=\count314
\c@savedlistf=\count315
\c@location=\count316
\c@savedlocation=\count317
\c@organization=\count318
\c@savedorganization=\count319
\c@origlocation=\count320
\c@savedoriglocation=\count321
\c@origpublisher=\count322
\c@savedorigpublisher=\count323
\c@publisher=\count324
\c@savedpublisher=\count325
\c@language=\count326
\c@savedlanguage=\count327
\c@pageref=\count328
\c@savedpageref=\count329
\shorthandwidth=\skip65
\shortjournalwidth=\skip66
\shortserieswidth=\skip67
\shorttitlewidth=\skip68
\shortauthorwidth=\skip69
\shorteditorwidth=\skip70
Package biblatex Info: Trying to load compatibility code...
Package biblatex Info: ... file 'blx-compat.def' found.

(/usr/local/texlive/2016/texmf-dist/tex/latex/biblatex/blx-compat.def
File: blx-compat.def 2016/12/05 v3.7 biblatex compatibility (PK/JW/AB)
)
Package biblatex Info: Trying to load generic definitions...
Package biblatex Info: ... file 'biblatex.def' found.

(/usr/local/texlive/2016/texmf-dist/tex/latex/biblatex/biblatex.def
File: biblatex.def 2016/12/05 v3.7 biblatex compatibility (PK/JW/AB)
\c@textcitecount=\count330
\c@textcitetotal=\count331
\c@textcitemaxnames=\count332
\c@biburlnumpenalty=\count333
\c@biburlucpenalty=\count334
\c@biburllcpenalty=\count335
\c@smartand=\count336
)
Package biblatex Info: Trying to load bibliography style 'verbose'...
Package biblatex Info: ... file 'verbose.bbx' found.

(/usr/local/texlive/2016/texmf-dist/tex/latex/biblatex/bbx/verbose.bbx
File: verbose.bbx 2016/12/05 v3.7 biblatex bibliography style (PK/JW/AB)
Package biblatex Info: Trying to load bibliography style 'authortitle'...
Package biblatex Info: ... file 'authortitle.bbx' found.

(/usr/local/texlive/2016/texmf-dist/tex/latex/biblatex/bbx/authortitle.bbx
File: authortitle.bbx 2016/12/05 v3.7 biblatex bibliography style (PK/JW/AB)
Package biblatex Info: Trying to load bibliography style 'standard'...
Package biblatex Info: ... file 'standard.bbx' found.

(/usr/local/texlive/2016/texmf-dist/tex/latex/biblatex/bbx/standard.bbx
File: standard.bbx 2016/12/05 v3.7 biblatex bibliography style (PK/JW/AB)
\c@bbx:relatedcount=\count337
\c@bbx:relatedtotal=\count338
)))
Package biblatex Info: Trying to load citation style 'verbose'...
Package biblatex Info: ... file 'verbose.cbx' found.

(/usr/local/texlive/2016/texmf-dist/tex/latex/biblatex/cbx/verbose.cbx
File: verbose.cbx 2016/12/05 v3.7 biblatex citation style (PK/JW/AB)
Package biblatex Info: Redefining '\cite'.
Package biblatex Info: Redefining '\parencite'.
Package biblatex Info: Redefining '\footcite'.
Package biblatex Info: Redefining '\footcitetext'.
Package biblatex Info: Redefining '\smartcite'.
Package biblatex Info: Redefining '\textcite'.
Package biblatex Info: Redefining '\textcites'.
)
Package biblatex Info: Trying to load configuration file...
Package biblatex Info: ... file 'biblatex.cfg' found.

(/usr/local/texlive/2016/texmf-dist/tex/latex/biblatex/biblatex.cfg
File: biblatex.cfg 
))
(/usr/local/texlive/2016/texmf-dist/tex/latex/pgf/frontendlayer/tikz.sty
(/usr/local/texlive/2016/texmf-dist/tex/latex/pgf/basiclayer/pgf.sty
Package: pgf 2015/08/07 v3.0.1a (rcs-revision 1.15)

(/usr/local/texlive/2016/texmf-dist/tex/generic/pgf/modules/pgfmoduleshapes.cod
e.tex
File: pgfmoduleshapes.code.tex 2014/03/21  (rcs-revision 1.35)
\pgfnodeparttextbox=\box53
)
(/usr/local/texlive/2016/texmf-dist/tex/generic/pgf/modules/pgfmoduleplot.code.
tex
File: pgfmoduleplot.code.tex 2015/08/03  (rcs-revision 1.13)
)
(/usr/local/texlive/2016/texmf-dist/tex/latex/pgf/compatibility/pgfcomp-version
-0-65.sty
Package: pgfcomp-version-0-65 2007/07/03 v3.0.1a (rcs-revision 1.7)
\pgf@nodesepstart=\dimen188
\pgf@nodesepend=\dimen189
)
(/usr/local/texlive/2016/texmf-dist/tex/latex/pgf/compatibility/pgfcomp-version
-1-18.sty
Package: pgfcomp-version-1-18 2007/07/23 v3.0.1a (rcs-revision 1.1)
))
(/usr/local/texlive/2016/texmf-dist/tex/latex/pgf/utilities/pgffor.sty
(/usr/local/texlive/2016/texmf-dist/tex/latex/pgf/utilities/pgfkeys.sty
(/usr/local/texlive/2016/texmf-dist/tex/generic/pgf/utilities/pgfkeys.code.tex)
) (/usr/local/texlive/2016/texmf-dist/tex/latex/pgf/math/pgfmath.sty
(/usr/local/texlive/2016/texmf-dist/tex/generic/pgf/math/pgfmath.code.tex))
(/usr/local/texlive/2016/texmf-dist/tex/generic/pgf/utilities/pgffor.code.tex
Package: pgffor 2013/12/13 v3.0.1a (rcs-revision 1.25)

(/usr/local/texlive/2016/texmf-dist/tex/generic/pgf/math/pgfmath.code.tex)
\pgffor@iter=\dimen190
\pgffor@skip=\dimen191
\pgffor@stack=\toks43
\pgffor@toks=\toks44
))
(/usr/local/texlive/2016/texmf-dist/tex/generic/pgf/frontendlayer/tikz/tikz.cod
e.tex
Package: tikz 2015/08/07 v3.0.1a (rcs-revision 1.151)

(/usr/local/texlive/2016/texmf-dist/tex/generic/pgf/libraries/pgflibraryplothan
dlers.code.tex
File: pgflibraryplothandlers.code.tex 2013/08/31 v3.0.1a (rcs-revision 1.20)
\pgf@plot@mark@count=\count339
\pgfplotmarksize=\dimen192
)
\tikz@lastx=\dimen193
\tikz@lasty=\dimen194
\tikz@lastxsaved=\dimen195
\tikz@lastysaved=\dimen196
\tikzleveldistance=\dimen197
\tikzsiblingdistance=\dimen198
\tikz@figbox=\box54
\tikz@figbox@bg=\box55
\tikz@tempbox=\box56
\tikz@tempbox@bg=\box57
\tikztreelevel=\count340
\tikznumberofchildren=\count341
\tikznumberofcurrentchild=\count342
\tikz@fig@count=\count343

(/usr/local/texlive/2016/texmf-dist/tex/generic/pgf/modules/pgfmodulematrix.cod
e.tex
File: pgfmodulematrix.code.tex 2013/09/17  (rcs-revision 1.8)
\pgfmatrixcurrentrow=\count344
\pgfmatrixcurrentcolumn=\count345
\pgf@matrix@numberofcolumns=\count346
)
\tikz@expandcount=\count347

(/usr/local/texlive/2016/texmf-dist/tex/generic/pgf/frontendlayer/tikz/librarie
s/tikzlibrarytopaths.code.tex
File: tikzlibrarytopaths.code.tex 2008/06/17 v3.0.1a (rcs-revision 1.2)
)))
(/usr/local/texlive/2016/texmf-dist/tex/latex/pgfplots/pgfplots.sty
(/usr/local/texlive/2016/texmf-dist/tex/generic/pgfplots/pgfplots.revision.tex)
Package: pgfplots 2016/08/10 v1.14 Data Visualization (1.14)
(/usr/local/texlive/2016/texmf-dist/tex/generic/pgfplots/pgfplots.code.tex
(/usr/local/texlive/2016/texmf-dist/tex/generic/pgfplots/pgfplotscore.code.tex
\t@pgfplots@toka=\toks45
\t@pgfplots@tokb=\toks46
\t@pgfplots@tokc=\toks47
\pgfplots@tmpa=\dimen199
\c@pgfplots@coordindex=\count348
\c@pgfplots@scanlineindex=\count349

(/usr/local/texlive/2016/texmf-dist/tex/generic/pgfplots/sys/pgfplotssysgeneric
.code.tex))
(/usr/local/texlive/2016/texmf-dist/tex/generic/pgfplots/libs/pgfplotslibrary.c
ode.tex)
(/usr/local/texlive/2016/texmf-dist/tex/generic/pgfplots/oldpgfcompatib/pgfplot
soldpgfsupp_loader.code.tex
(/usr/local/texlive/2016/texmf-dist/tex/generic/pgf/libraries/pgflibraryfpu.cod
e.tex)
Package pgfplots: loading complementary arithmetics for your pgf version...

(/usr/local/texlive/2016/texmf-dist/tex/generic/pgfplots/oldpgfcompatib/pgfplot
soldpgfsupp_pgflibraryfpu.code.tex)
(/usr/local/texlive/2016/texmf-dist/tex/generic/pgfplots/oldpgfcompatib/pgfplot
soldpgfsupp_pgfmathfloat.code.tex
\c@pgfmathroundto@lastzeros=\count350
))
(/usr/local/texlive/2016/texmf-dist/tex/generic/pgfplots/util/pgfplotsutil.code
.tex
(/usr/local/texlive/2016/texmf-dist/tex/generic/pgfplots/liststructure/pgfplots
liststructure.code.tex)
(/usr/local/texlive/2016/texmf-dist/tex/generic/pgfplots/liststructure/pgfplots
liststructureext.code.tex)
(/usr/local/texlive/2016/texmf-dist/tex/generic/pgfplots/liststructure/pgfplots
array.code.tex
\c@pgfplotsarray@tmp=\count351
)
(/usr/local/texlive/2016/texmf-dist/tex/generic/pgfplots/liststructure/pgfplots
matrix.code.tex)
(/usr/local/texlive/2016/texmf-dist/tex/generic/pgfplots/numtable/pgfplotstable
shared.code.tex
\c@pgfplotstable@counta=\count352
\t@pgfplotstable@a=\toks48
)
(/usr/local/texlive/2016/texmf-dist/tex/generic/pgfplots/liststructure/pgfplots
deque.code.tex)
(/usr/local/texlive/2016/texmf-dist/tex/generic/pgfplots/util/pgfplotsbinary.co
de.tex
(/usr/local/texlive/2016/texmf-dist/tex/generic/pgfplots/util/pgfplotsbinary.da
ta.code.tex))
(/usr/local/texlive/2016/texmf-dist/tex/generic/pgfplots/util/pgfplotsutil.verb
.code.tex)
(/usr/local/texlive/2016/texmf-dist/tex/generic/pgfplots/libs/pgflibrarypgfplot
s.surfshading.code.tex
\c@pgfplotslibrarysurf@no=\count353

(/usr/local/texlive/2016/texmf-dist/tex/generic/pgfplots/sys/pgflibrarypgfplots
.surfshading.pgfsys-pdftex.def)))
(/usr/local/texlive/2016/texmf-dist/tex/generic/pgfplots/util/pgfplotscolormap.
code.tex
(/usr/local/texlive/2016/texmf-dist/tex/generic/pgfplots/util/pgfplotscolor.cod
e.tex))
(/usr/local/texlive/2016/texmf-dist/tex/generic/pgfplots/pgfplotsstackedplots.c
ode.tex)
(/usr/local/texlive/2016/texmf-dist/tex/generic/pgfplots/pgfplotsplothandlers.c
ode.tex
(/usr/local/texlive/2016/texmf-dist/tex/generic/pgfplots/pgfplotsmeshplothandle
r.code.tex
(/usr/local/texlive/2016/texmf-dist/tex/generic/pgfplots/pgfplotsmeshplotimage.
code.tex)))
(/usr/local/texlive/2016/texmf-dist/tex/generic/pgfplots/pgfplots.scaling.code.
tex)
(/usr/local/texlive/2016/texmf-dist/tex/generic/pgfplots/pgfplotscoordprocessin
g.code.tex)
(/usr/local/texlive/2016/texmf-dist/tex/generic/pgfplots/pgfplots.errorbars.cod
e.tex)
(/usr/local/texlive/2016/texmf-dist/tex/generic/pgfplots/pgfplots.markers.code.
tex)
(/usr/local/texlive/2016/texmf-dist/tex/generic/pgfplots/pgfplotsticks.code.tex
)
(/usr/local/texlive/2016/texmf-dist/tex/generic/pgfplots/pgfplots.paths.code.te
x)
(/usr/local/texlive/2016/texmf-dist/tex/generic/pgf/frontendlayer/tikz/librarie
s/tikzlibrarydecorations.code.tex
(/usr/local/texlive/2016/texmf-dist/tex/generic/pgf/modules/pgfmoduledecoration
s.code.tex
\pgfdecoratedcompleteddistance=\dimen256
\pgfdecoratedremainingdistance=\dimen257
\pgfdecoratedinputsegmentcompleteddistance=\dimen258
\pgfdecoratedinputsegmentremainingdistance=\dimen259
\pgf@decorate@distancetomove=\dimen260
\pgf@decorate@repeatstate=\count354
\pgfdecorationsegmentamplitude=\dimen261
\pgfdecorationsegmentlength=\dimen262
)
\tikz@lib@dec@box=\box58
)
(/usr/local/texlive/2016/texmf-dist/tex/generic/pgf/frontendlayer/tikz/librarie
s/tikzlibrarydecorations.pathmorphing.code.tex
(/usr/local/texlive/2016/texmf-dist/tex/generic/pgf/libraries/decorations/pgfli
brarydecorations.pathmorphing.code.tex))
(/usr/local/texlive/2016/texmf-dist/tex/generic/pgf/frontendlayer/tikz/librarie
s/tikzlibrarydecorations.pathreplacing.code.tex
(/usr/local/texlive/2016/texmf-dist/tex/generic/pgf/libraries/decorations/pgfli
brarydecorations.pathreplacing.code.tex))
\pgfplots@numplots=\count355
\pgfplots@xmin@reg=\dimen263
\pgfplots@xmax@reg=\dimen264
\pgfplots@ymin@reg=\dimen265
\pgfplots@ymax@reg=\dimen266
\pgfplots@zmin@reg=\dimen267
\pgfplots@zmax@reg=\dimen268
)
(/usr/local/texlive/2016/texmf-dist/tex/generic/pgf/frontendlayer/tikz/librarie
s/tikzlibraryplotmarks.code.tex
File: tikzlibraryplotmarks.code.tex 2008/01/09 v3.0.1a (rcs-revision 1.1)

(/usr/local/texlive/2016/texmf-dist/tex/generic/pgf/libraries/pgflibraryplotmar
ks.code.tex
File: pgflibraryplotmarks.code.tex 2015/08/03 v3.0.1a (rcs-revision 1.14)
)))
Package biblatex Info: Trying to load language 'english'...
Package biblatex Info: ... file 'english.lbx' found.

(/usr/local/texlive/2016/texmf-dist/tex/latex/biblatex/lbx/english.lbx
File: english.lbx 2016/12/05 v3.7 biblatex localization (PK/JW/AB)
)

Package biblatex Warning: Patching footnotes failed.
(biblatex)                Footnote detection will not work.

\@quotelevel=\count356
\@quotereset=\count357
(./present.aux)
\openout1 = `present.aux'.

LaTeX Font Info:    Checking defaults for OML/cmm/m/it on input line 15.
LaTeX Font Info:    ... okay on input line 15.
LaTeX Font Info:    Checking defaults for T1/cmr/m/n on input line 15.
LaTeX Font Info:    ... okay on input line 15.
LaTeX Font Info:    Checking defaults for OT1/cmr/m/n on input line 15.
LaTeX Font Info:    ... okay on input line 15.
LaTeX Font Info:    Checking defaults for OMS/cmsy/m/n on input line 15.
LaTeX Font Info:    ... okay on input line 15.
LaTeX Font Info:    Checking defaults for OMX/cmex/m/n on input line 15.
LaTeX Font Info:    ... okay on input line 15.
LaTeX Font Info:    Checking defaults for U/cmr/m/n on input line 15.
LaTeX Font Info:    ... okay on input line 15.
LaTeX Font Info:    Checking defaults for PD1/pdf/m/n on input line 15.
LaTeX Font Info:    ... okay on input line 15.

*geometry* driver: auto-detecting
*geometry* detected driver: pdftex
*geometry* verbose mode - [ preamble ] result:
* driver: pdftex
* paper: custom
* layout: <same size as paper>
* layoutoffset:(h,v)=(0.0pt,0.0pt)
* modes: includehead includefoot 
* h-part:(L,W,R)=(28.45274pt, 307.28987pt, 28.45274pt)
* v-part:(T,H,B)=(0.0pt, 273.14662pt, 0.0pt)
* \paperwidth=364.19536pt
* \paperheight=273.14662pt
* \textwidth=307.28987pt
* \textheight=244.6939pt
* \oddsidemargin=-43.81725pt
* \evensidemargin=-43.81725pt
* \topmargin=-72.26999pt
* \headheight=14.22636pt
* \headsep=0.0pt
* \topskip=11.0pt
* \footskip=14.22636pt
* \marginparwidth=4.0pt
* \marginparsep=10.0pt
* \columnsep=10.0pt
* \skip\footins=10.0pt plus 4.0pt minus 2.0pt
* \hoffset=0.0pt
* \voffset=0.0pt
* \mag=1000
* \@twocolumnfalse
* \@twosidefalse
* \@mparswitchfalse
* \@reversemarginfalse
* (1in=72.27pt=25.4mm, 1cm=28.453pt)

(/usr/local/texlive/2016/texmf-dist/tex/context/base/mkii/supp-pdf.mkii
[Loading MPS to PDF converter (version 2006.09.02).]
\scratchcounter=\count358
\scratchdimen=\dimen269
\scratchbox=\box59
\nofMPsegments=\count359
\nofMParguments=\count360
\everyMPshowfont=\toks49
\MPscratchCnt=\count361
\MPscratchDim=\dimen270
\MPnumerator=\count362
\makeMPintoPDFobject=\count363
\everyMPtoPDFconversion=\toks50
) (/usr/local/texlive/2016/texmf-dist/tex/latex/oberdiek/epstopdf-base.sty
Package: epstopdf-base 2016/05/15 v2.6 Base part for package epstopdf

(/usr/local/texlive/2016/texmf-dist/tex/latex/oberdiek/grfext.sty
Package: grfext 2016/05/16 v1.2 Manage graphics extensions (HO)
)
Package epstopdf-base Info: Redefining graphics rule for `.eps' on input line 4
38.
Package grfext Info: Graphics extension search list:
(grfext)             [.png,.pdf,.jpg,.mps,.jpeg,.jbig2,.jb2,.PNG,.PDF,.JPG,.JPE
G,.JBIG2,.JB2,.eps]
(grfext)             \AppendGraphicsExtensions on input line 456.

(/usr/local/texlive/2016/texmf-dist/tex/latex/latexconfig/epstopdf-sys.cfg
File: epstopdf-sys.cfg 2010/07/13 v1.3 Configuration of (r)epstopdf for TeX Liv
e
))
ABD: EveryShipout initializing macros
\AtBeginShipoutBox=\box60
Package hyperref Info: Link coloring OFF on input line 15.

(/usr/local/texlive/2016/texmf-dist/tex/latex/hyperref/nameref.sty
Package: nameref 2016/05/21 v2.44 Cross-referencing by name of section

(/usr/local/texlive/2016/texmf-dist/tex/generic/oberdiek/gettitlestring.sty
Package: gettitlestring 2016/05/16 v1.5 Cleanup title references (HO)
)
\c@section@level=\count364
)
LaTeX Info: Redefining \ref on input line 15.
LaTeX Info: Redefining \pageref on input line 15.
LaTeX Info: Redefining \nameref on input line 15.

(./present.out) (./present.out)
\@outlinefile=\write7
\openout7 = `present.out'.

LaTeX Font Info:    Overwriting symbol font `operators' in version `normal'
(Font)                  OT1/cmr/m/n --> OT1/cmss/m/n on input line 15.
LaTeX Font Info:    Overwriting symbol font `operators' in version `bold'
(Font)                  OT1/cmr/bx/n --> OT1/cmss/bx/n on input line 15.
\symnumbers=\mathgroup6
\sympureletters=\mathgroup7
LaTeX Font Info:    Overwriting math alphabet `\mathrm' in version `normal'
(Font)                  OT1/cmss/m/n --> OT1/cmr/m/n on input line 15.
LaTeX Font Info:    Redeclaring math alphabet \mathbf on input line 15.
LaTeX Font Info:    Overwriting math alphabet `\mathbf' in version `normal'
(Font)                  OT1/cmr/bx/n --> OT1/cmss/bx/n on input line 15.
LaTeX Font Info:    Overwriting math alphabet `\mathbf' in version `bold'
(Font)                  OT1/cmr/bx/n --> OT1/cmss/bx/n on input line 15.
LaTeX Font Info:    Redeclaring math alphabet \mathsf on input line 15.
LaTeX Font Info:    Overwriting math alphabet `\mathsf' in version `normal'
(Font)                  OT1/cmss/m/n --> OT1/cmss/m/n on input line 15.
LaTeX Font Info:    Overwriting math alphabet `\mathsf' in version `bold'
(Font)                  OT1/cmss/bx/n --> OT1/cmss/m/n on input line 15.
LaTeX Font Info:    Redeclaring math alphabet \mathit on input line 15.
LaTeX Font Info:    Overwriting math alphabet `\mathit' in version `normal'
(Font)                  OT1/cmr/m/it --> OT1/cmss/m/it on input line 15.
LaTeX Font Info:    Overwriting math alphabet `\mathit' in version `bold'
(Font)                  OT1/cmr/bx/it --> OT1/cmss/m/it on input line 15.
LaTeX Font Info:    Redeclaring math alphabet \mathtt on input line 15.
LaTeX Font Info:    Overwriting math alphabet `\mathtt' in version `normal'
(Font)                  OT1/cmtt/m/n --> OT1/cmtt/m/n on input line 15.
LaTeX Font Info:    Overwriting math alphabet `\mathtt' in version `bold'
(Font)                  OT1/cmtt/m/n --> OT1/cmtt/m/n on input line 15.
LaTeX Font Info:    Overwriting symbol font `numbers' in version `bold'
(Font)                  OT1/cmss/m/n --> OT1/cmss/bx/n on input line 15.
LaTeX Font Info:    Overwriting symbol font `pureletters' in version `bold'
(Font)                  OT1/cmss/m/it --> OT1/cmss/bx/it on input line 15.
LaTeX Font Info:    Overwriting math alphabet `\mathrm' in version `bold'
(Font)                  OT1/cmss/bx/n --> OT1/cmr/bx/n on input line 15.
LaTeX Font Info:    Overwriting math alphabet `\mathbf' in version `bold'
(Font)                  OT1/cmss/bx/n --> OT1/cmss/bx/n on input line 15.
LaTeX Font Info:    Overwriting math alphabet `\mathsf' in version `bold'
(Font)                  OT1/cmss/m/n --> OT1/cmss/bx/n on input line 15.
LaTeX Font Info:    Overwriting math alphabet `\mathit' in version `bold'
(Font)                  OT1/cmss/m/it --> OT1/cmss/bx/it on input line 15.
LaTeX Font Info:    Overwriting math alphabet `\mathtt' in version `bold'
(Font)                  OT1/cmtt/m/n --> OT1/cmtt/bx/n on input line 15.
LaTeX Font Info:    Redeclaring symbol font `pureletters' on input line 15.
LaTeX Font Info:    Overwriting symbol font `pureletters' in version `normal'
(Font)                  OT1/cmss/m/it --> OT1/mathkerncmss/m/sl on input line 1
5.
LaTeX Font Info:    Overwriting symbol font `pureletters' in version `bold'
(Font)                  OT1/cmss/bx/it --> OT1/mathkerncmss/m/sl on input line 
15.
LaTeX Font Info:    Overwriting symbol font `pureletters' in version `bold'
(Font)                  OT1/mathkerncmss/m/sl --> OT1/mathkerncmss/bx/sl on inp
ut line 15.

(/usr/local/texlive/2016/texmf-dist/tex/latex/beamer/translator/dicts/translato
r-basic-dictionary/translator-basic-dictionary-English.dict
Dictionary: translator-basic-dictionary, Language: English 
)
(/usr/local/texlive/2016/texmf-dist/tex/latex/beamer/translator/dicts/translato
r-bibliography-dictionary/translator-bibliography-dictionary-English.dict
Dictionary: translator-bibliography-dictionary, Language: English 
)
(/usr/local/texlive/2016/texmf-dist/tex/latex/beamer/translator/dicts/translato
r-environment-dictionary/translator-environment-dictionary-English.dict
Dictionary: translator-environment-dictionary, Language: English 
)
(/usr/local/texlive/2016/texmf-dist/tex/latex/beamer/translator/dicts/translato
r-months-dictionary/translator-months-dictionary-English.dict
Dictionary: translator-months-dictionary, Language: English 
)
(/usr/local/texlive/2016/texmf-dist/tex/latex/beamer/translator/dicts/translato
r-numbers-dictionary/translator-numbers-dictionary-English.dict
Dictionary: translator-numbers-dictionary, Language: English 
)
(/usr/local/texlive/2016/texmf-dist/tex/latex/beamer/translator/dicts/translato
r-theorem-dictionary/translator-theorem-dictionary-English.dict
Dictionary: translator-theorem-dictionary, Language: English 
)
LaTeX Info: Redefining \includegraphics on input line 15.
Package biblatex Info: No input encoding detected.
(biblatex)             Assuming 'ascii'.
Package biblatex Info: Automatic encoding selection.
(biblatex)             Assuming data encoding 'ascii'.
\openout6 = `present.bcf'.

Package biblatex Info: Trying to load bibliographic data...


Package biblatex Warning: File 'present.bbl' is wrong format version - expected
 2.8.

Package biblatex Info: ... file 'present.bbl' found.
(./present.bbl)
Package biblatex Info: Reference section=0 on input line 15.
Package biblatex Info: Reference segment=0 on input line 15.

Package pgfplots notification 'compat/show suggested version=true': you might b
enefit from \pgfplotsset{compat=1.14} (current compat level: 1.4).

(./present.nav)

LaTeX Font Warning: Font shape `OT1/cmss/m/n' in size <4> not available
(Font)              size <5> substituted on input line 18.

[1

{/usr/local/texlive/2016/texmf-var/fonts/map/pdftex/updmap/pdftex.map}]
LaTeX Font Info:    Try loading font information for U+msa on input line 29.

(/usr/local/texlive/2016/texmf-dist/tex/latex/amsfonts/umsa.fd
File: umsa.fd 2013/01/14 v3.01 AMS symbols A
)
LaTeX Font Info:    Try loading font information for U+msb on input line 29.

(/usr/local/texlive/2016/texmf-dist/tex/latex/amsfonts/umsb.fd
File: umsb.fd 2013/01/14 v3.01 AMS symbols B
)
LaTeX Font Info:    Try loading font information for OT1+mathkerncmss on input 
line 29.

(/usr/local/texlive/2016/texmf-dist/tex/latex/sansmathaccent/ot1mathkerncmss.fd
File: ot1mathkerncmss.fd 2013/03/27 Fontinst v1.933 font definitions for OT1/ma
thkerncmss.
) [2

] [3

] [4

]

LaTeX Warning: Citation 'PhysRevLett.111.160406' on page 5 undefined on input l
ine 82.

[5

] [6

] [7

]
PGFPlots: reading {linear-data-example.dat}
PGFPlots: reading {linear-data-example.dat}
PGFPlots: reading {linear-data-example.dat}

NOTE: coordinate (0.00000,nan) has been dropped because it is unbounded (in y).
 (see also unbounded coords=jump). 
NOTE: coordinate (0.00050,nan) has been dropped because it is unbounded (in y).
 (see also unbounded coords=jump). 
NOTE: coordinate (0.00100,nan) has been dropped because it is unbounded (in y).
 (see also unbounded coords=jump). 
NOTE: coordinate (0.00150,nan) has been dropped because it is unbounded (in y).
 (see also unbounded coords=jump). 
NOTE: coordinate (0.00200,nan) has been dropped because it is unbounded (in y).
 (see also unbounded coords=jump). 
NOTE: coordinate (0.00250,nan) has been dropped because it is unbounded (in y).
 (see also unbounded coords=jump). 
NOTE: coordinate (0.00300,nan) has been dropped because it is unbounded (in y).
 (see also unbounded coords=jump). 
NOTE: coordinate (0.00350,nan) has been dropped because it is unbounded (in y).
 (see also unbounded coords=jump). 
NOTE: coordinate (0.00400,nan) has been dropped because it is unbounded (in y).
 (see also unbounded coords=jump). 
NOTE: coordinate (0.00450,nan) has been dropped because it is unbounded (in y).
 (see also unbounded coords=jump). 
NOTE: coordinate (0.00500,nan) has been dropped because it is unbounded (in y).
 (see also unbounded coords=jump). 
NOTE: coordinate (0.00550,nan) has been dropped because it is unbounded (in y).
 (see also unbounded coords=jump). 
NOTE: coordinate (0.00600,nan) has been dropped because it is unbounded (in y).
 (see also unbounded coords=jump). 
NOTE: coordinate (0.00650,nan) has been dropped because it is unbounded (in y).
 (see also unbounded coords=jump). 
NOTE: coordinate (0.00700,nan) has been dropped because it is unbounded (in y).
 (see also unbounded coords=jump). 
NOTE: coordinate (0.00750,nan) has been dropped because it is unbounded (in y).
 (see also unbounded coords=jump). 
NOTE: coordinate (0.00800,nan) has been dropped because it is unbounded (in y).
 (see also unbounded coords=jump). 
NOTE: coordinate (0.00850,nan) has been dropped because it is unbounded (in y).
 (see also unbounded coords=jump). 
NOTE: coordinate (0.00900,nan) has been dropped because it is unbounded (in y).
 (see also unbounded coords=jump). 
NOTE: coordinate (0.00950,nan) has been dropped because it is unbounded (in y).
 (see also unbounded coords=jump). 
NOTE: coordinate (0.01000,nan) has been dropped because it is unbounded (in y).
 (see also unbounded coords=jump). 
NOTE: coordinate (0.01050,nan) has been dropped because it is unbounded (in y).
 (see also unbounded coords=jump). 
NOTE: coordinate (0.01100,nan) has been dropped because it is unbounded (in y).
 (see also unbounded coords=jump). 
NOTE: coordinate (0.01150,nan) has been dropped because it is unbounded (in y).
 (see also unbounded coords=jump). 
NOTE: coordinate (0.01200,nan) has been dropped because it is unbounded (in y).
 (see also unbounded coords=jump). 
NOTE: coordinate (0.01250,nan) has been dropped because it is unbounded (in y).
 (see also unbounded coords=jump). 
NOTE: coordinate (0.01300,nan) has been dropped because it is unbounded (in y).
 (see also unbounded coords=jump). 
NOTE: coordinate (0.01350,nan) has been dropped because it is unbounded (in y).
 (see also unbounded coords=jump). 
NOTE: coordinate (0.01400,nan) has been dropped because it is unbounded (in y).
 (see also unbounded coords=jump). 
NOTE: coordinate (0.01450,nan) has been dropped because it is unbounded (in y).
 (see also unbounded coords=jump). 
NOTE: coordinate (0.01500,nan) has been dropped because it is unbounded (in y).
 (see also unbounded coords=jump). 
NOTE: coordinate (0.01550,nan) has been dropped because it is unbounded (in y).
 (see also unbounded coords=jump). 
NOTE: coordinate (0.01600,nan) has been dropped because it is unbounded (in y).
 (see also unbounded coords=jump). 
NOTE: coordinate (0.01650,nan) has been dropped because it is unbounded (in y).
 (see also unbounded coords=jump). 
NOTE: coordinate (0.01700,nan) has been dropped because it is unbounded (in y).
 (see also unbounded coords=jump). 
NOTE: coordinate (0.01750,nan) has been dropped because it is unbounded (in y).
 (see also unbounded coords=jump). 
NOTE: coordinate (0.01800,nan) has been dropped because it is unbounded (in y).
 (see also unbounded coords=jump). 
NOTE: coordinate (0.01850,nan) has been dropped because it is unbounded (in y).
 (see also unbounded coords=jump). 
NOTE: coordinate (0.01900,nan) has been dropped because it is unbounded (in y).
 (see also unbounded coords=jump). 
NOTE: coordinate (0.01950,nan) has been dropped because it is unbounded (in y).
 (see also unbounded coords=jump). 
NOTE: coordinate (0.02000,nan) has been dropped because it is unbounded (in y).
 (see also unbounded coords=jump). 
NOTE: coordinate (0.02050,nan) has been dropped because it is unbounded (in y).
 (see also unbounded coords=jump). 
NOTE: coordinate (0.02100,nan) has been dropped because it is unbounded (in y).
 (see also unbounded coords=jump). 
NOTE: coordinate (0.02150,nan) has been dropped because it is unbounded (in y).
 (see also unbounded coords=jump). 
NOTE: coordinate (0.02200,nan) has been dropped because it is unbounded (in y).
 (see also unbounded coords=jump). 
NOTE: coordinate (0.02250,nan) has been dropped because it is unbounded (in y).
 (see also unbounded coords=jump). 
NOTE: coordinate (0.02300,nan) has been dropped because it is unbounded (in y).
 (see also unbounded coords=jump). 
NOTE: coordinate (0.02350,nan) has been dropped because it is unbounded (in y).
 (see also unbounded coords=jump). 
NOTE: coordinate (0.02400,nan) has been dropped because it is unbounded (in y).
 (see also unbounded coords=jump). 
NOTE: coordinate (0.02450,nan) has been dropped because it is unbounded (in y).
 (see also unbounded coords=jump). 
NOTE: coordinate (0.02500,nan) has been dropped because it is unbounded (in y).
 (see also unbounded coords=jump). 
NOTE: coordinate (0.02550,nan) has been dropped because it is unbounded (in y).
 (see also unbounded coords=jump). 
NOTE: coordinate (0.02600,nan) has been dropped because it is unbounded (in y).
 (see also unbounded coords=jump). 
NOTE: coordinate (0.02650,nan) has been dropped because it is unbounded (in y).
 (see also unbounded coords=jump). 
NOTE: coordinate (0.02700,nan) has been dropped because it is unbounded (in y).
 (see also unbounded coords=jump). 
NOTE: coordinate (0.02750,nan) has been dropped because it is unbounded (in y).
 (see also unbounded coords=jump). 
NOTE: coordinate (0.02800,nan) has been dropped because it is unbounded (in y).
 (see also unbounded coords=jump). 
NOTE: coordinate (0.02850,nan) has been dropped because it is unbounded (in y).
 (see also unbounded coords=jump). 
NOTE: coordinate (0.02900,nan) has been dropped because it is unbounded (in y).
 (see also unbounded coords=jump). 
NOTE: coordinate (0.02950,nan) has been dropped because it is unbounded (in y).
 (see also unbounded coords=jump). 
NOTE: coordinate (0.03000,nan) has been dropped because it is unbounded (in y).
 (see also unbounded coords=jump). 
NOTE: coordinate (0.03050,nan) has been dropped because it is unbounded (in y).
 (see also unbounded coords=jump). 
NOTE: coordinate (0.03100,nan) has been dropped because it is unbounded (in y).
 (see also unbounded coords=jump). 
NOTE: coordinate (0.03150,nan) has been dropped because it is unbounded (in y).
 (see also unbounded coords=jump). 
NOTE: coordinate (0.03200,nan) has been dropped because it is unbounded (in y).
 (see also unbounded coords=jump). 
NOTE: coordinate (0.03250,nan) has been dropped because it is unbounded (in y).
 (see also unbounded coords=jump). 
NOTE: coordinate (0.03300,nan) has been dropped because it is unbounded (in y).
 (see also unbounded coords=jump). 
NOTE: coordinate (0.03350,nan) has been dropped because it is unbounded (in y).
 (see also unbounded coords=jump). 
NOTE: coordinate (0.03400,nan) has been dropped because it is unbounded (in y).
 (see also unbounded coords=jump). 
NOTE: coordinate (0.03450,nan) has been dropped because it is unbounded (in y).
 (see also unbounded coords=jump). 
NOTE: coordinate (0.03500,nan) has been dropped because it is unbounded (in y).
 (see also unbounded coords=jump). 
NOTE: coordinate (0.03550,nan) has been dropped because it is unbounded (in y).
 (see also unbounded coords=jump). 
NOTE: coordinate (0.03600,nan) has been dropped because it is unbounded (in y).
 (see also unbounded coords=jump). 
NOTE: coordinate (0.03650,nan) has been dropped because it is unbounded (in y).
 (see also unbounded coords=jump). 
NOTE: coordinate (0.03700,nan) has been dropped because it is unbounded (in y).
 (see also unbounded coords=jump). 
NOTE: coordinate (0.03750,nan) has been dropped because it is unbounded (in y).
 (see also unbounded coords=jump). 
NOTE: coordinate (0.03800,nan) has been dropped because it is unbounded (in y).
 (see also unbounded coords=jump). 
NOTE: coordinate (0.03850,nan) has been dropped because it is unbounded (in y).
 (see also unbounded coords=jump). 
NOTE: coordinate (0.03900,nan) has been dropped because it is unbounded (in y).
 (see also unbounded coords=jump). 
NOTE: coordinate (0.03950,nan) has been dropped because it is unbounded (in y).
 (see also unbounded coords=jump). 
NOTE: coordinate (0.04000,nan) has been dropped because it is unbounded (in y).
 (see also unbounded coords=jump). 
NOTE: coordinate (0.04050,nan) has been dropped because it is unbounded (in y).
 (see also unbounded coords=jump). 
NOTE: coordinate (0.04100,nan) has been dropped because it is unbounded (in y).
 (see also unbounded coords=jump). 
NOTE: coordinate (0.04150,nan) has been dropped because it is unbounded (in y).
 (see also unbounded coords=jump). 
NOTE: coordinate (0.04200,nan) has been dropped because it is unbounded (in y).
 (see also unbounded coords=jump). 
NOTE: coordinate (0.04250,nan) has been dropped because it is unbounded (in y).
 (see also unbounded coords=jump). 
NOTE: coordinate (0.04300,nan) has been dropped because it is unbounded (in y).
 (see also unbounded coords=jump). 
NOTE: coordinate (0.04350,nan) has been dropped because it is unbounded (in y).
 (see also unbounded coords=jump). 
NOTE: coordinate (0.04450,nan) has been dropped because it is unbounded (in y).
 (see also unbounded coords=jump). 
NOTE: coordinate (0.04500,nan) has been dropped because it is unbounded (in y).
 (see also unbounded coords=jump). 
NOTE: coordinate (0.04550,nan) has been dropped because it is unbounded (in y).
 (see also unbounded coords=jump). 
NOTE: coordinate (0.04600,nan) has been dropped because it is unbounded (in y).
 (see also unbounded coords=jump). 
NOTE: coordinate (0.04650,nan) has been dropped because it is unbounded (in y).
 (see also unbounded coords=jump). 
NOTE: coordinate (0.04750,nan) has been dropped because it is unbounded (in y).
 (see also unbounded coords=jump). 
NOTE: coordinate (0.04850,nan) has been dropped because it is unbounded (in y).
 (see also unbounded coords=jump). 
NOTE: coordinate (0.04950,nan) has been dropped because it is unbounded (in y).
 (see also unbounded coords=jump). 
NOTE: coordinate (0.05200,nan) has been dropped because it is unbounded (in y).
 (see also unbounded coords=jump). 
NOTE: coordinate (0.05400,nan) has been dropped because it is unbounded (in y).
 (see also unbounded coords=jump). 
NOTE: coordinate (0.05450,nan) has been dropped because it is unbounded (in y).
 (see also unbounded coords=jump). 
NOTE: coordinate (0.05500,nan) has been dropped because it is unbounded (in y).
 (see also unbounded coords=jump). 
NOTE: coordinate (0.05600,nan) has been dropped because it is unbounded (in y).
 (see also unbounded coords=jump). 
NOTE: coordinate (0.05750,nan) has been dropped because it is unbounded (in y).
 (see also unbounded coords=jump). 
NOTE: coordinate (0.07000,nan) has been dropped because it is unbounded (in y).
 (see also unbounded coords=jump). 
NOTE: coordinate (0.93950,nan) has been dropped because it is unbounded (in y).
 (see also unbounded coords=jump). 
NOTE: coordinate (0.94100,nan) has been dropped because it is unbounded (in y).
 (see also unbounded coords=jump). 
NOTE: coordinate (0.94350,nan) has been dropped because it is unbounded (in y).
 (see also unbounded coords=jump). 
NOTE: coordinate (0.94650,nan) has been dropped because it is unbounded (in y).
 (see also unbounded coords=jump). 
NOTE: coordinate (0.94700,nan) has been dropped because it is unbounded (in y).
 (see also unbounded coords=jump). 
NOTE: coordinate (0.94750,nan) has been dropped because it is unbounded (in y).
 (see also unbounded coords=jump). 
NOTE: coordinate (0.94800,nan) has been dropped because it is unbounded (in y).
 (see also unbounded coords=jump). 
NOTE: coordinate (0.94950,nan) has been dropped because it is unbounded (in y).
 (see also unbounded coords=jump). 
NOTE: coordinate (0.95000,nan) has been dropped because it is unbounded (in y).
 (see also unbounded coords=jump). 
NOTE: coordinate (0.95100,nan) has been dropped because it is unbounded (in y).
 (see also unbounded coords=jump). 
NOTE: coordinate (0.95300,nan) has been dropped because it is unbounded (in y).
 (see also unbounded coords=jump). 
NOTE: coordinate (0.95400,nan) has been dropped because it is unbounded (in y).
 (see also unbounded coords=jump). 
NOTE: coordinate (0.95450,nan) has been dropped because it is unbounded (in y).
 (see also unbounded coords=jump). 
NOTE: coordinate (0.95500,nan) has been dropped because it is unbounded (in y).
 (see also unbounded coords=jump). 
NOTE: coordinate (0.95550,nan) has been dropped because it is unbounded (in y).
 (see also unbounded coords=jump). 
NOTE: coordinate (0.95600,nan) has been dropped because it is unbounded (in y).
 (see also unbounded coords=jump). 
NOTE: coordinate (0.95650,nan) has been dropped because it is unbounded (in y).
 (see also unbounded coords=jump). 
NOTE: coordinate (0.95700,nan) has been dropped because it is unbounded (in y).
 (see also unbounded coords=jump). 
NOTE: coordinate (0.95750,nan) has been dropped because it is unbounded (in y).
 (see also unbounded coords=jump). 
NOTE: coordinate (0.95800,nan) has been dropped because it is unbounded (in y).
 (see also unbounded coords=jump). 
NOTE: coordinate (0.95850,nan) has been dropped because it is unbounded (in y).
 (see also unbounded coords=jump). 
NOTE: coordinate (0.95900,nan) has been dropped because it is unbounded (in y).
 (see also unbounded coords=jump). 
NOTE: coordinate (0.95950,nan) has been dropped because it is unbounded (in y).
 (see also unbounded coords=jump). 
NOTE: coordinate (0.96000,nan) has been dropped because it is unbounded (in y).
 (see also unbounded coords=jump). 
NOTE: coordinate (0.96050,nan) has been dropped because it is unbounded (in y).
 (see also unbounded coords=jump). 
NOTE: coordinate (0.96100,nan) has been dropped because it is unbounded (in y).
 (see also unbounded coords=jump). 
NOTE: coordinate (0.96150,nan) has been dropped because it is unbounded (in y).
 (see also unbounded coords=jump). 
NOTE: coordinate (0.96200,nan) has been dropped because it is unbounded (in y).
 (see also unbounded coords=jump). 
NOTE: coordinate (0.96250,nan) has been dropped because it is unbounded (in y).
 (see also unbounded coords=jump). 
NOTE: coordinate (0.96300,nan) has been dropped because it is unbounded (in y).
 (see also unbounded coords=jump). 
NOTE: coordinate (0.96350,nan) has been dropped because it is unbounded (in y).
 (see also unbounded coords=jump). 
NOTE: coordinate (0.96400,nan) has been dropped because it is unbounded (in y).
 (see also unbounded coords=jump). 
NOTE: coordinate (0.96450,nan) has been dropped because it is unbounded (in y).
 (see also unbounded coords=jump). 
NOTE: coordinate (0.96500,nan) has been dropped because it is unbounded (in y).
 (see also unbounded coords=jump). 
NOTE: coordinate (0.96550,nan) has been dropped because it is unbounded (in y).
 (see also unbounded coords=jump). 
NOTE: coordinate (0.96600,nan) has been dropped because it is unbounded (in y).
 (see also unbounded coords=jump). 
NOTE: coordinate (0.96650,nan) has been dropped because it is unbounded (in y).
 (see also unbounded coords=jump). 
NOTE: coordinate (0.96700,nan) has been dropped because it is unbounded (in y).
 (see also unbounded coords=jump). 
NOTE: coordinate (0.96750,nan) has been dropped because it is unbounded (in y).
 (see also unbounded coords=jump). 
NOTE: coordinate (0.96800,nan) has been dropped because it is unbounded (in y).
 (see also unbounded coords=jump). 
NOTE: coordinate (0.96850,nan) has been dropped because it is unbounded (in y).
 (see also unbounded coords=jump). 
NOTE: coordinate (0.96900,nan) has been dropped because it is unbounded (in y).
 (see also unbounded coords=jump). 
NOTE: coordinate (0.96950,nan) has been dropped because it is unbounded (in y).
 (see also unbounded coords=jump). 
NOTE: coordinate (0.97000,nan) has been dropped because it is unbounded (in y).
 (see also unbounded coords=jump). 
NOTE: coordinate (0.97050,nan) has been dropped because it is unbounded (in y).
 (see also unbounded coords=jump). 
NOTE: coordinate (0.97100,nan) has been dropped because it is unbounded (in y).
 (see also unbounded coords=jump). 
NOTE: coordinate (0.97150,nan) has been dropped because it is unbounded (in y).
 (see also unbounded coords=jump). 
NOTE: coordinate (0.97200,nan) has been dropped because it is unbounded (in y).
 (see also unbounded coords=jump). 
NOTE: coordinate (0.97250,nan) has been dropped because it is unbounded (in y).
 (see also unbounded coords=jump). 
NOTE: coordinate (0.97300,nan) has been dropped because it is unbounded (in y).
 (see also unbounded coords=jump). 
NOTE: coordinate (0.97350,nan) has been dropped because it is unbounded (in y).
 (see also unbounded coords=jump). 
NOTE: coordinate (0.97400,nan) has been dropped because it is unbounded (in y).
 (see also unbounded coords=jump). 
NOTE: coordinate (0.97450,nan) has been dropped because it is unbounded (in y).
 (see also unbounded coords=jump). 
NOTE: coordinate (0.97500,nan) has been dropped because it is unbounded (in y).
 (see also unbounded coords=jump). 
NOTE: coordinate (0.97550,nan) has been dropped because it is unbounded (in y).
 (see also unbounded coords=jump). 
NOTE: coordinate (0.97600,nan) has been dropped because it is unbounded (in y).
 (see also unbounded coords=jump). 
NOTE: coordinate (0.97650,nan) has been dropped because it is unbounded (in y).
 (see also unbounded coords=jump). 
NOTE: coordinate (0.97700,nan) has been dropped because it is unbounded (in y).
 (see also unbounded coords=jump). 
NOTE: coordinate (0.97750,nan) has been dropped because it is unbounded (in y).
 (see also unbounded coords=jump). 
NOTE: coordinate (0.97800,nan) has been dropped because it is unbounded (in y).
 (see also unbounded coords=jump). 
NOTE: coordinate (0.97850,nan) has been dropped because it is unbounded (in y).
 (see also unbounded coords=jump). 
NOTE: coordinate (0.97900,nan) has been dropped because it is unbounded (in y).
 (see also unbounded coords=jump). 
NOTE: coordinate (0.97950,nan) has been dropped because it is unbounded (in y).
 (see also unbounded coords=jump). 
NOTE: coordinate (0.98000,nan) has been dropped because it is unbounded (in y).
 (see also unbounded coords=jump). 
NOTE: coordinate (0.98050,nan) has been dropped because it is unbounded (in y).
 (see also unbounded coords=jump). 
NOTE: coordinate (0.98100,nan) has been dropped because it is unbounded (in y).
 (see also unbounded coords=jump). 
NOTE: coordinate (0.98150,nan) has been dropped because it is unbounded (in y).
 (see also unbounded coords=jump). 
NOTE: coordinate (0.98200,nan) has been dropped because it is unbounded (in y).
 (see also unbounded coords=jump). 
NOTE: coordinate (0.98250,nan) has been dropped because it is unbounded (in y).
 (see also unbounded coords=jump). 
NOTE: coordinate (0.98300,nan) has been dropped because it is unbounded (in y).
 (see also unbounded coords=jump). 
NOTE: coordinate (0.98350,nan) has been dropped because it is unbounded (in y).
 (see also unbounded coords=jump). 
NOTE: coordinate (0.98400,nan) has been dropped because it is unbounded (in y).
 (see also unbounded coords=jump). 
NOTE: coordinate (0.98450,nan) has been dropped because it is unbounded (in y).
 (see also unbounded coords=jump). 
NOTE: coordinate (0.98500,nan) has been dropped because it is unbounded (in y).
 (see also unbounded coords=jump). 
NOTE: coordinate (0.98550,nan) has been dropped because it is unbounded (in y).
 (see also unbounded coords=jump). 
NOTE: coordinate (0.98600,nan) has been dropped because it is unbounded (in y).
 (see also unbounded coords=jump). 
NOTE: coordinate (0.98650,nan) has been dropped because it is unbounded (in y).
 (see also unbounded coords=jump). 
NOTE: coordinate (0.98700,nan) has been dropped because it is unbounded (in y).
 (see also unbounded coords=jump). 
NOTE: coordinate (0.98750,nan) has been dropped because it is unbounded (in y).
 (see also unbounded coords=jump). 
NOTE: coordinate (0.98800,nan) has been dropped because it is unbounded (in y).
 (see also unbounded coords=jump). 
NOTE: coordinate (0.98850,nan) has been dropped because it is unbounded (in y).
 (see also unbounded coords=jump). 
NOTE: coordinate (0.98900,nan) has been dropped because it is unbounded (in y).
 (see also unbounded coords=jump). 
NOTE: coordinate (0.98950,nan) has been dropped because it is unbounded (in y).
 (see also unbounded coords=jump). 
NOTE: coordinate (0.99000,nan) has been dropped because it is unbounded (in y).
 (see also unbounded coords=jump). 
NOTE: coordinate (0.99050,nan) has been dropped because it is unbounded (in y).
 (see also unbounded coords=jump). 
NOTE: coordinate (0.99100,nan) has been dropped because it is unbounded (in y).
 (see also unbounded coords=jump). 
NOTE: coordinate (0.99150,nan) has been dropped because it is unbounded (in y).
 (see also unbounded coords=jump). 
NOTE: coordinate (0.99200,nan) has been dropped because it is unbounded (in y).
 (see also unbounded coords=jump). 
NOTE: coordinate (0.99250,nan) has been dropped because it is unbounded (in y).
 (see also unbounded coords=jump). 
NOTE: coordinate (0.99300,nan) has been dropped because it is unbounded (in y).
 (see also unbounded coords=jump). 
NOTE: coordinate (0.99350,nan) has been dropped because it is unbounded (in y).
 (see also unbounded coords=jump). 
NOTE: coordinate (0.99400,nan) has been dropped because it is unbounded (in y).
 (see also unbounded coords=jump). 
NOTE: coordinate (0.99450,nan) has been dropped because it is unbounded (in y).
 (see also unbounded coords=jump). 
NOTE: coordinate (0.99500,nan) has been dropped because it is unbounded (in y).
 (see also unbounded coords=jump). 
NOTE: coordinate (0.99550,nan) has been dropped because it is unbounded (in y).
 (see also unbounded coords=jump). 
NOTE: coordinate (0.99600,nan) has been dropped because it is unbounded (in y).
 (see also unbounded coords=jump). 
NOTE: coordinate (0.99650,nan) has been dropped because it is unbounded (in y).
 (see also unbounded coords=jump). 
NOTE: coordinate (0.99700,nan) has been dropped because it is unbounded (in y).
 (see also unbounded coords=jump). 
NOTE: coordinate (0.99750,nan) has been dropped because it is unbounded (in y).
 (see also unbounded coords=jump). 
NOTE: coordinate (0.99800,nan) has been dropped bec